<?xml version="1.0" encoding="UTF-8"?>
<robot generator="Robot 4.0.1 (Python 3.9.4 on win32)" generated="20210511 19:54:57.397" rpa="false" schemaversion="2">
<suite id="s1" name="trucosElementos" source="C:\Users\Samsung\Desktop\Arrays y Loops\udemy-git-class\trucosElementos.robot">
<test id="s1-t1" name="001 Ir al blog de Winston Castillo">
<kw name="Open Homepage" library="recursos">
<kw name="Open Browser" library="SeleniumLibrary">
<arg>${homePage}</arg>
<arg>${browser}</arg>
<doc>Opens a new browser instance to the optional ``url``.</doc>
<msg timestamp="20210511 19:54:57.782" level="INFO">Opening browser 'chrome' to base url 'http://www.winstoncastillo.com/udemy/'.</msg>
<status status="PASS" starttime="20210511 19:54:57.782" endtime="20210511 19:55:02.782"/>
</kw>
<status status="PASS" starttime="20210511 19:54:57.782" endtime="20210511 19:55:02.782"/>
</kw>
<kw name="Title Should Be" library="SeleniumLibrary">
<arg>Hola Mundo!</arg>
<doc>Verifies that the current page title equals ``title``.</doc>
<msg timestamp="20210511 19:55:02.790" level="INFO">Page title is 'Hola Mundo!'.</msg>
<status status="PASS" starttime="20210511 19:55:02.782" endtime="20210511 19:55:02.790"/>
</kw>
<kw name="Set Focus To Element" library="SeleniumLibrary">
<arg>xpath=/html/body/div[1]/div/div[2]/a[1]</arg>
<doc>Sets the focus to the element identified by ``locator``.</doc>
<status status="PASS" starttime="20210511 19:55:02.790" endtime="20210511 19:55:02.830"/>
</kw>
<kw name="Click Link" library="SeleniumLibrary">
<arg>xpath=/html/body/div[1]/div/div[2]/a[1]</arg>
<doc>Clicks a link identified by ``locator``.</doc>
<msg timestamp="20210511 19:55:02.830" level="INFO">Clicking link 'xpath=/html/body/div[1]/div/div[2]/a[1]'.</msg>
<status status="PASS" starttime="20210511 19:55:02.830" endtime="20210511 19:55:17.796"/>
</kw>
<kw name="Wait Until Element Is Visible" library="SeleniumLibrary">
<arg>xpath=//*[@id="page-header"]/div[1]/div/div/div/a</arg>
<doc>Waits until the element ``locator`` is visible.</doc>
<status status="PASS" starttime="20210511 19:55:17.796" endtime="20210511 19:55:17.844"/>
</kw>
<kw name="Title Should Be" library="SeleniumLibrary">
<arg>Winston Castillo – Un sitio para comunicarse</arg>
<doc>Verifies that the current page title equals ``title``.</doc>
<msg timestamp="20210511 19:55:17.852" level="INFO">Page title is 'Winston Castillo – Un sitio para comunicarse'.</msg>
<status status="PASS" starttime="20210511 19:55:17.844" endtime="20210511 19:55:17.852"/>
</kw>
<kw name="Close Browser" library="SeleniumLibrary">
<doc>Closes the current browser.</doc>
<status status="PASS" starttime="20210511 19:55:17.852" endtime="20210511 19:55:20.186"/>
</kw>
<status status="PASS" starttime="20210511 19:54:57.782" endtime="20210511 19:55:20.186"/>
</test>
<test id="s1-t2" name="002 Abrir Ventana Modal">
<kw name="Open Homepage" library="recursos">
<kw name="Open Browser" library="SeleniumLibrary">
<arg>${homePage}</arg>
<arg>${browser}</arg>
<doc>Opens a new browser instance to the optional ``url``.</doc>
<msg timestamp="20210511 19:55:20.186" level="INFO">Opening browser 'chrome' to base url 'http://www.winstoncastillo.com/udemy/'.</msg>
<status status="PASS" starttime="20210511 19:55:20.186" endtime="20210511 19:55:25.762"/>
</kw>
<status status="PASS" starttime="20210511 19:55:20.186" endtime="20210511 19:55:25.762"/>
</kw>
<kw name="Title Should Be" library="SeleniumLibrary">
<arg>Hola Mundo!</arg>
<doc>Verifies that the current page title equals ``title``.</doc>
<msg timestamp="20210511 19:55:25.778" level="INFO">Page title is 'Hola Mundo!'.</msg>
<status status="PASS" starttime="20210511 19:55:25.770" endtime="20210511 19:55:25.778"/>
</kw>
<kw name="Set Focus To Element" library="SeleniumLibrary">
<arg>xpath=/html/body/div[1]/div/div[2]/a[2]</arg>
<doc>Sets the focus to the element identified by ``locator``.</doc>
<status status="PASS" starttime="20210511 19:55:25.778" endtime="20210511 19:55:25.810"/>
</kw>
<kw name="Click Link" library="SeleniumLibrary">
<arg>xpath=/html/body/div[1]/div/div[2]/a[2]</arg>
<doc>Clicks a link identified by ``locator``.</doc>
<msg timestamp="20210511 19:55:25.810" level="INFO">Clicking link 'xpath=/html/body/div[1]/div/div[2]/a[2]'.</msg>
<status status="PASS" starttime="20210511 19:55:25.810" endtime="20210511 19:55:25.899"/>
</kw>
<kw name="Title Should Be" library="SeleniumLibrary">
<arg>Hola Mundo!</arg>
<doc>Verifies that the current page title equals ``title``.</doc>
<msg timestamp="20210511 19:55:25.907" level="INFO">Page title is 'Hola Mundo!'.</msg>
<status status="PASS" starttime="20210511 19:55:25.907" endtime="20210511 19:55:25.907"/>
</kw>
<kw name="Wait Until Element Is Visible" library="SeleniumLibrary">
<arg>xpath=//*[@id="exampleModal"]/div/div/div[1]</arg>
<doc>Waits until the element ``locator`` is visible.</doc>
<status status="PASS" starttime="20210511 19:55:25.907" endtime="20210511 19:55:26.181"/>
</kw>
<kw name="Close Browser" library="SeleniumLibrary">
<doc>Closes the current browser.</doc>
<status status="PASS" starttime="20210511 19:55:26.181" endtime="20210511 19:55:28.426"/>
</kw>
<status status="PASS" starttime="20210511 19:55:20.186" endtime="20210511 19:55:28.426"/>
</test>
<status status="PASS" starttime="20210511 19:54:57.397" endtime="20210511 19:55:28.426"/>
</suite>
<statistics>
<total>
<stat pass="2" fail="0" skip="0">All Tests</stat>
</total>
<tag>
</tag>
<suite>
<stat pass="2" fail="0" skip="0" id="s1" name="trucosElementos">trucosElementos</stat>
</suite>
</statistics>
<errors>
</errors>
</robot>
