<?xml version="1.0" encoding="UTF-8"?>
<robot generator="Robot 4.0.1 (Python 3.9.4 on win32)" generated="20210504 20:32:20.161" rpa="false" schemaversion="2">
<suite id="s1" name="Selenium-Automation" source="C:\Users\Samsung\Desktop\Arrays y Loops\selenium-automation.robot">
<test id="s1-t1" name="C001 Hacer Click en Contenedores">
<kw name="Open Homepage">
<kw name="Open Browser" library="SeleniumLibrary">
<arg>${testUrl}</arg>
<arg>${browser}</arg>
<doc>Opens a new browser instance to the optional ``url``.</doc>
<msg timestamp="20210504 20:32:20.537" level="INFO">Opening browser 'chrome' to base url 'http://automationpractice.com/index.php'.</msg>
<status status="PASS" starttime="20210504 20:32:20.537" endtime="20210504 20:32:41.172"/>
</kw>
<status status="PASS" starttime="20210504 20:32:20.529" endtime="20210504 20:32:41.172"/>
</kw>
<kw name="Set Global Variable" library="BuiltIn">
<arg>@{nombresDeContenedores}</arg>
<arg>//*[@id="homefeatured"]/li[1]/div/div[2]/h5/a</arg>
<arg>//*[@id="homefeatured"]/li[2]/div/div[2]/h5/a</arg>
<arg>//*[@id="homefeatured"]/li[3]/div/div[2]/h5/a</arg>
<arg>//*[@id="homefeatured"]/li[4]/div/div[2]/h5/a</arg>
<arg>//*[@id="homefeatured"]/li[5]/div/div[2]/h5/a</arg>
<arg>//*[@id="homefeatured"]/li[6]/div/div[2]/h5/a</arg>
<arg>//*[@id="homefeatured"]/li[7]/div/div[2]/h5/a</arg>
<doc>Makes a variable available globally in all tests and suites.</doc>
<msg timestamp="20210504 20:32:41.172" level="INFO">@{nombresDeContenedores} = [ //*[@id="homefeatured"]/li[1]/div/div[2]/h5/a | //*[@id="homefeatured"]/li[2]/div/div[2]/h5/a | //*[@id="homefeatured"]/li[3]/div/div[2]/h5/a | //*[@id="homefeatured"]/li[4]/div/div[2]/h5/a | //*[@i...</msg>
<status status="PASS" starttime="20210504 20:32:41.172" endtime="20210504 20:32:41.172"/>
</kw>
<for flavor="IN">
<var>${nombreDeContenedor}</var>
<value>@{nombresDeContenedores}</value>
<iter>
<var name="${nombreDeContenedor}">//*[@id="homefeatured"]/li[1]/div/div[2]/h5/a</var>
<kw name="Click Element" library="SeleniumLibrary">
<arg>xpath=${nombreDeContenedor}</arg>
<doc>Click the element identified by ``locator``.</doc>
<msg timestamp="20210504 20:32:41.180" level="INFO">Clicking element 'xpath=//*[@id="homefeatured"]/li[1]/div/div[2]/h5/a'.</msg>
<status status="PASS" starttime="20210504 20:32:41.180" endtime="20210504 20:32:49.245"/>
</kw>
<kw name="Wait Until Element Is Visible" library="SeleniumLibrary">
<arg>xpath=//*[@id="bigpic"]</arg>
<doc>Waits until the element ``locator`` is visible.</doc>
<status status="PASS" starttime="20210504 20:32:49.245" endtime="20210504 20:32:49.308"/>
</kw>
<kw name="Click Element" library="SeleniumLibrary">
<arg>xpath=//*[@id="header_logo"]/a/img</arg>
<doc>Click the element identified by ``locator``.</doc>
<msg timestamp="20210504 20:32:49.308" level="INFO">Clicking element 'xpath=//*[@id="header_logo"]/a/img'.</msg>
<status status="PASS" starttime="20210504 20:32:49.308" endtime="20210504 20:32:52.425"/>
</kw>
<status status="PASS" starttime="20210504 20:32:41.180" endtime="20210504 20:32:52.425"/>
</iter>
<iter>
<var name="${nombreDeContenedor}">//*[@id="homefeatured"]/li[2]/div/div[2]/h5/a</var>
<kw name="Click Element" library="SeleniumLibrary">
<arg>xpath=${nombreDeContenedor}</arg>
<doc>Click the element identified by ``locator``.</doc>
<msg timestamp="20210504 20:32:52.425" level="INFO">Clicking element 'xpath=//*[@id="homefeatured"]/li[2]/div/div[2]/h5/a'.</msg>
<status status="PASS" starttime="20210504 20:32:52.425" endtime="20210504 20:32:55.570"/>
</kw>
<kw name="Wait Until Element Is Visible" library="SeleniumLibrary">
<arg>xpath=//*[@id="bigpic"]</arg>
<doc>Waits until the element ``locator`` is visible.</doc>
<status status="PASS" starttime="20210504 20:32:55.578" endtime="20210504 20:32:55.610"/>
</kw>
<kw name="Click Element" library="SeleniumLibrary">
<arg>xpath=//*[@id="header_logo"]/a/img</arg>
<doc>Click the element identified by ``locator``.</doc>
<msg timestamp="20210504 20:32:55.610" level="INFO">Clicking element 'xpath=//*[@id="header_logo"]/a/img'.</msg>
<status status="PASS" starttime="20210504 20:32:55.610" endtime="20210504 20:32:59.712"/>
</kw>
<status status="PASS" starttime="20210504 20:32:52.425" endtime="20210504 20:32:59.712"/>
</iter>
<iter>
<var name="${nombreDeContenedor}">//*[@id="homefeatured"]/li[3]/div/div[2]/h5/a</var>
<kw name="Click Element" library="SeleniumLibrary">
<arg>xpath=${nombreDeContenedor}</arg>
<doc>Click the element identified by ``locator``.</doc>
<msg timestamp="20210504 20:32:59.720" level="INFO">Clicking element 'xpath=//*[@id="homefeatured"]/li[3]/div/div[2]/h5/a'.</msg>
<status status="PASS" starttime="20210504 20:32:59.712" endtime="20210504 20:33:01.921"/>
</kw>
<kw name="Wait Until Element Is Visible" library="SeleniumLibrary">
<arg>xpath=//*[@id="bigpic"]</arg>
<doc>Waits until the element ``locator`` is visible.</doc>
<status status="PASS" starttime="20210504 20:33:01.921" endtime="20210504 20:33:01.961"/>
</kw>
<kw name="Click Element" library="SeleniumLibrary">
<arg>xpath=//*[@id="header_logo"]/a/img</arg>
<doc>Click the element identified by ``locator``.</doc>
<msg timestamp="20210504 20:33:01.961" level="INFO">Clicking element 'xpath=//*[@id="header_logo"]/a/img'.</msg>
<status status="PASS" starttime="20210504 20:33:01.961" endtime="20210504 20:33:10.237"/>
</kw>
<status status="PASS" starttime="20210504 20:32:59.712" endtime="20210504 20:33:10.237"/>
</iter>
<iter>
<var name="${nombreDeContenedor}">//*[@id="homefeatured"]/li[4]/div/div[2]/h5/a</var>
<kw name="Click Element" library="SeleniumLibrary">
<arg>xpath=${nombreDeContenedor}</arg>
<doc>Click the element identified by ``locator``.</doc>
<msg timestamp="20210504 20:33:10.245" level="INFO">Clicking element 'xpath=//*[@id="homefeatured"]/li[4]/div/div[2]/h5/a'.</msg>
<status status="PASS" starttime="20210504 20:33:10.237" endtime="20210504 20:33:21.319"/>
</kw>
<kw name="Wait Until Element Is Visible" library="SeleniumLibrary">
<arg>xpath=//*[@id="bigpic"]</arg>
<doc>Waits until the element ``locator`` is visible.</doc>
<status status="PASS" starttime="20210504 20:33:21.319" endtime="20210504 20:33:21.343"/>
</kw>
<kw name="Click Element" library="SeleniumLibrary">
<arg>xpath=//*[@id="header_logo"]/a/img</arg>
<doc>Click the element identified by ``locator``.</doc>
<msg timestamp="20210504 20:33:21.351" level="INFO">Clicking element 'xpath=//*[@id="header_logo"]/a/img'.</msg>
<status status="PASS" starttime="20210504 20:33:21.351" endtime="20210504 20:33:30.248"/>
</kw>
<status status="PASS" starttime="20210504 20:33:10.237" endtime="20210504 20:33:30.248"/>
</iter>
<iter>
<var name="${nombreDeContenedor}">//*[@id="homefeatured"]/li[5]/div/div[2]/h5/a</var>
<kw name="Click Element" library="SeleniumLibrary">
<arg>xpath=${nombreDeContenedor}</arg>
<doc>Click the element identified by ``locator``.</doc>
<msg timestamp="20210504 20:33:30.248" level="INFO">Clicking element 'xpath=//*[@id="homefeatured"]/li[5]/div/div[2]/h5/a'.</msg>
<status status="PASS" starttime="20210504 20:33:30.248" endtime="20210504 20:33:36.081"/>
</kw>
<kw name="Wait Until Element Is Visible" library="SeleniumLibrary">
<arg>xpath=//*[@id="bigpic"]</arg>
<doc>Waits until the element ``locator`` is visible.</doc>
<status status="PASS" starttime="20210504 20:33:36.081" endtime="20210504 20:33:36.121"/>
</kw>
<kw name="Click Element" library="SeleniumLibrary">
<arg>xpath=//*[@id="header_logo"]/a/img</arg>
<doc>Click the element identified by ``locator``.</doc>
<msg timestamp="20210504 20:33:36.121" level="INFO">Clicking element 'xpath=//*[@id="header_logo"]/a/img'.</msg>
<status status="PASS" starttime="20210504 20:33:36.121" endtime="20210504 20:33:43.665"/>
</kw>
<status status="PASS" starttime="20210504 20:33:30.248" endtime="20210504 20:33:43.665"/>
</iter>
<iter>
<var name="${nombreDeContenedor}">//*[@id="homefeatured"]/li[6]/div/div[2]/h5/a</var>
<kw name="Click Element" library="SeleniumLibrary">
<arg>xpath=${nombreDeContenedor}</arg>
<doc>Click the element identified by ``locator``.</doc>
<msg timestamp="20210504 20:33:43.665" level="INFO">Clicking element 'xpath=//*[@id="homefeatured"]/li[6]/div/div[2]/h5/a'.</msg>
<status status="PASS" starttime="20210504 20:33:43.665" endtime="20210504 20:33:47.418"/>
</kw>
<kw name="Wait Until Element Is Visible" library="SeleniumLibrary">
<arg>xpath=//*[@id="bigpic"]</arg>
<doc>Waits until the element ``locator`` is visible.</doc>
<status status="PASS" starttime="20210504 20:33:47.418" endtime="20210504 20:33:47.466"/>
</kw>
<kw name="Click Element" library="SeleniumLibrary">
<arg>xpath=//*[@id="header_logo"]/a/img</arg>
<doc>Click the element identified by ``locator``.</doc>
<msg timestamp="20210504 20:33:47.466" level="INFO">Clicking element 'xpath=//*[@id="header_logo"]/a/img'.</msg>
<status status="PASS" starttime="20210504 20:33:47.466" endtime="20210504 20:33:50.297"/>
</kw>
<status status="PASS" starttime="20210504 20:33:43.665" endtime="20210504 20:33:50.297"/>
</iter>
<iter>
<var name="${nombreDeContenedor}">//*[@id="homefeatured"]/li[7]/div/div[2]/h5/a</var>
<kw name="Click Element" library="SeleniumLibrary">
<arg>xpath=${nombreDeContenedor}</arg>
<doc>Click the element identified by ``locator``.</doc>
<msg timestamp="20210504 20:33:50.297" level="INFO">Clicking element 'xpath=//*[@id="homefeatured"]/li[7]/div/div[2]/h5/a'.</msg>
<status status="PASS" starttime="20210504 20:33:50.297" endtime="20210504 20:33:52.925"/>
</kw>
<kw name="Wait Until Element Is Visible" library="SeleniumLibrary">
<arg>xpath=//*[@id="bigpic"]</arg>
<doc>Waits until the element ``locator`` is visible.</doc>
<status status="PASS" starttime="20210504 20:33:52.925" endtime="20210504 20:33:52.957"/>
</kw>
<kw name="Click Element" library="SeleniumLibrary">
<arg>xpath=//*[@id="header_logo"]/a/img</arg>
<doc>Click the element identified by ``locator``.</doc>
<msg timestamp="20210504 20:33:52.957" level="INFO">Clicking element 'xpath=//*[@id="header_logo"]/a/img'.</msg>
<status status="PASS" starttime="20210504 20:33:52.957" endtime="20210504 20:33:57.152"/>
</kw>
<status status="PASS" starttime="20210504 20:33:50.297" endtime="20210504 20:33:57.152"/>
</iter>
<status status="PASS" starttime="20210504 20:32:41.180" endtime="20210504 20:33:57.152"/>
</for>
<kw name="Close Browser" library="SeleniumLibrary">
<doc>Closes the current browser.</doc>
<status status="PASS" starttime="20210504 20:33:57.152" endtime="20210504 20:33:59.421"/>
</kw>
<status status="PASS" starttime="20210504 20:32:20.529" endtime="20210504 20:33:59.421"/>
</test>
<status status="PASS" starttime="20210504 20:32:20.169" endtime="20210504 20:33:59.429"/>
</suite>
<statistics>
<total>
<stat pass="1" fail="0" skip="0">All Tests</stat>
</total>
<tag>
</tag>
<suite>
<stat pass="1" fail="0" skip="0" id="s1" name="Selenium-Automation">Selenium-Automation</stat>
</suite>
</statistics>
<errors>
</errors>
</robot>
